#-----------------------------------------------------------
# Vivado v2018.2 (64-bit)
# SW Build 2258646 on Thu Jun 14 20:03:12 MDT 2018
# IP Build 2256618 on Thu Jun 14 22:10:49 MDT 2018
# Start of session at: Sun Mar 19 23:33:23 2023
# Process ID: 6260
# Current directory: C:/Users/User/Desktop/EE2026/Project_GitHub/MouseAudioDisplay
# Command line: vivado.exe -gui_launcher_event rodinguilauncherevent16320 C:\Users\User\Desktop\EE2026\Project_GitHub\MouseAudioDisplay\MouseAudioDisplay.xpr
# Log file: C:/Users/User/Desktop/EE2026/Project_GitHub/MouseAudioDisplay/vivado.log
# Journal file: C:/Users/User/Desktop/EE2026/Project_GitHub/MouseAudioDisplay\vivado.jou
#-----------------------------------------------------------
start_gui
open_project C:/Users/User/Desktop/EE2026/Project_GitHub/MouseAudioDisplay/MouseAudioDisplay.xpr
CRITICAL WARNING: [Project 1-19] Could not find the file 'C:/Users/User/Desktop/EE2026/Project_GitHub/MouseAudioDisplay/MouseAudioDisplay.srcs/sources_1/imports/Desktop/Audio_Input.v'.
CRITICAL WARNING: [Project 1-19] Could not find the file 'C:/Users/User/Desktop/EE2026/Project_GitHub/MouseAudioDisplay/MouseAudioDisplay.srcs/sources_1/imports/Desktop/Ps2Interface.vhd'.
CRITICAL WARNING: [Project 1-19] Could not find the file 'C:/Users/User/Desktop/EE2026/Project_GitHub/MouseAudioDisplay/MouseAudioDisplay.srcs/sources_1/imports/Desktop/Oled_Display.v'.
CRITICAL WARNING: [Project 1-19] Could not find the file 'C:/Users/User/Desktop/EE2026/Project_GitHub/MouseAudioDisplay/MouseAudioDisplay.srcs/sources_1/imports/Desktop/Audio_Output.vhd'.
CRITICAL WARNING: [Project 1-19] Could not find the file 'C:/Users/User/Desktop/EE2026/Project_GitHub/MouseAudioDisplay/MouseAudioDisplay.srcs/sources_1/imports/Desktop/Mouse_Control.vhd'.
CRITICAL WARNING: [Project 1-19] Could not find the file 'C:/Users/User/Desktop/EE2026/Project_GitHub/MouseAudioDisplay/archive_project_summary.txt'.
CRITICAL WARNING: [Project 1-19] Could not find the file 'C:/Users/User/Desktop/EE2026/Project_GitHub/MouseAudioDisplay/MouseAudioDisplay.srcs/sim_1/new/simulations.v'.
Scanning sources...
Finished scanning sources
INFO: [IP_Flow 19-234] Refreshing IP repositories
INFO: [IP_Flow 19-1704] No user IP repositories specified
INFO: [IP_Flow 19-2313] Loaded Vivado IP repository 'C:/Xilinx/Vivado/2018.2/data/ip'.
update_compile_order -fileset sources_1
exit
INFO: [Common 17-206] Exiting Vivado at Sun Mar 19 23:35:33 2023...
